<?xml version="1.0" encoding="UTF-8"?>
<!-- Generated by org.testng.reporters.JUnitXMLReporter -->
<testsuite hostname="Afsanas-MacBook-Pro.local" ignored="2" name="Booking.com Regression Test Suite" tests="3" failures="0" timestamp="2020-08-25T21:04:27 EDT" time="0.042" errors="0">
  <testcase name="loginTest" time="0.006" classname="test_register.Gropping"/>
  <testcase name="loginWithFacebook" time="0.001" classname="test_register.Gropping"/>
  <testcase name="signUp" time="0.001" classname="test_register.Gropping"/>
  <testcase name="verifyHomePage" time="0.0" classname="test_register.Gropping">
    <ignored/>
  </testcase> <!-- verifyHomePage -->
  <testcase name="loginWithEmail" time="0.0" classname="test_register.Gropping">
    <ignored/>
  </testcase> <!-- loginWithEmail -->
</testsuite> <!-- Booking.com Regression Test Suite -->
