<?xml version="1.0" encoding="UTF-8"?>
<!-- Generated by org.testng.reporters.JUnitXMLReporter -->
<testsuite hostname="DESKTOP-PFUQSED" name="Running Smoke suite in Chrome" tests="2" failures="0" timestamp="2 Aug 2020 17:11:59 GMT" time="43.131" errors="0">
  <testcase name="userFullNameTest" time="11.087" classname="test_signIn.VerifyUserFullName"/>
  <testcase name="registerWithNewEmailTest" time="0.0" classname="test_register.NewRegisterTest"/>
</testsuite> <!-- Running Smoke suite in Chrome -->
