<?xml version="1.0" encoding="UTF-8"?>
<testng-results skipped="0" failed="0" ignored="2" total="5" passed="3">
  <reporter-output>
  </reporter-output>
  <suite name="RegressionSuite" duration-ms="42" started-at="2020-08-25T21:04:27 EDT" finished-at="2020-08-25T21:04:27 EDT">
    <groups>
      <group name="Regression">
        <method signature="Gropping.loginTest()[pri:0, instance:test_register.Gropping@7fc2413d]" name="loginTest" class="test_register.Gropping"/>
        <method signature="Gropping.loginWithFacebook()[pri:0, instance:test_register.Gropping@7fc2413d]" name="loginWithFacebook" class="test_register.Gropping"/>
        <method signature="Gropping.signUp()[pri:0, instance:test_register.Gropping@7fc2413d]" name="signUp" class="test_register.Gropping"/>
      </group> <!-- Regression -->
      <group name="Smoke">
        <method signature="Gropping.loginTest()[pri:0, instance:test_register.Gropping@7fc2413d]" name="loginTest" class="test_register.Gropping"/>
      </group> <!-- Smoke -->
    </groups>
    <test name="Booking.com Regression Test Suite" duration-ms="42" started-at="2020-08-25T21:04:27 EDT" finished-at="2020-08-25T21:04:27 EDT">
      <class name="test_register.Gropping">
        <test-method status="PASS" signature="loginTest()[pri:0, instance:test_register.Gropping@7fc2413d]" name="loginTest" duration-ms="6" started-at="2020-08-25T21:04:27 EDT" finished-at="2020-08-25T21:04:27 EDT">
          <reporter-output>
          </reporter-output>
        </test-method> <!-- loginTest -->
        <test-method status="PASS" signature="loginWithFacebook()[pri:0, instance:test_register.Gropping@7fc2413d]" name="loginWithFacebook" duration-ms="1" started-at="2020-08-25T21:04:27 EDT" finished-at="2020-08-25T21:04:27 EDT">
          <reporter-output>
          </reporter-output>
        </test-method> <!-- loginWithFacebook -->
        <test-method status="PASS" signature="signUp()[pri:0, instance:test_register.Gropping@7fc2413d]" name="signUp" duration-ms="1" started-at="2020-08-25T21:04:27 EDT" finished-at="2020-08-25T21:04:27 EDT">
          <reporter-output>
          </reporter-output>
        </test-method> <!-- signUp -->
      </class> <!-- test_register.Gropping -->
    </test> <!-- Booking.com Regression Test Suite -->
  </suite> <!-- RegressionSuite -->
</testng-results>
